<?xml version="1.0" encoding="UTF-8"?>
<testsuite xmlns:xsi="http://www.w3.org/2001/XMLSchema-instance" xsi:noNamespaceSchemaLocation="https://maven.apache.org/surefire/maven-surefire-plugin/xsd/surefire-test-report-3.0.xsd" version="3.0" name="com.mycompany.edusys.Entity.NhanVienTest" time="0.022" tests="8" errors="0" skipped="0" failures="0">
  <properties>
[...]
</properties>
  <testcase name="testGetHoTen" classname="com.mycompany.edusys.Entity.NhanVienTest" time="0.007">
    <system-out><![CDATA[getHoTen
]]></system-out>
  </testcase>
  <testcase name="testSetMatKhau" classname="com.mycompany.edusys.Entity.NhanVienTest" time="0.001">
    <system-out><![CDATA[setMatKhau
]]></system-out>
  </testcase>
  <testcase name="testGetMaNV" classname="com.mycompany.edusys.Entity.NhanVienTest" time="0.002">
    <system-out><![CDATA[getMaNV
]]></system-out>
  </testcase>
  <testcase name="testGetMatKhau" classname="com.mycompany.edusys.Entity.NhanVienTest" time="0.001">
    <system-out><![CDATA[getMatKhau
]]></system-out>
  </testcase>
  <testcase name="testSetVaiTro" classname="com.mycompany.edusys.Entity.NhanVienTest" time="0.001">
    <system-out><![CDATA[setVaiTro
]]></system-out>
  </testcase>
  <testcase name="testGetVaiTro" classname="com.mycompany.edusys.Entity.NhanVienTest" time="0.001">
    <system-out><![CDATA[getVaiTro
]]></system-out>
  </testcase>
  <testcase name="testSetMaNV" classname="com.mycompany.edusys.Entity.NhanVienTest" time="0.001">
    <system-out><![CDATA[setMaNV
]]></system-out>
  </testcase>
  <testcase name="testSetHoTen" classname="com.mycompany.edusys.Entity.NhanVienTest" time="0.001">
    <system-out><![CDATA[setHoTen
]]></system-out>
  </testcase>
</testsuite>