<?xml version="1.0" encoding="UTF-8"?>
<testng-results total="0" passed="0" failed="0" skipped="0">
  <reporter-output>
  </reporter-output>
  <suite started-at="2023-04-03T05:00:37Z" name="com.mycompany.edusys.Entity.HocVienTest" finished-at="2023-04-03T05:00:37Z" duration-ms="2">
    <groups>
    </groups>
    <test started-at="2023-04-03T05:00:37Z" name="Command line test" finished-at="2023-04-03T05:00:37Z" duration-ms="2">
    </test> <!-- Command line test -->
  </suite> <!-- com.mycompany.edusys.Entity.HocVienTest -->
</testng-results>
